0 verbose cli [ '/usr/bin/node', '/usr/bin/npm', 'init', 'package.json' ]
1 info using npm@8.5.1
2 info using node@v12.22.9
3 timing npm:load:whichnode Completed in 0ms
4 timing config:load:defaults Completed in 0ms
5 timing config:load:file:/usr/share/nodejs/npm/npmrc Completed in 6ms
6 timing config:load:builtin Completed in 6ms
7 timing config:load:cli Completed in 4ms
8 timing config:load:env Completed in 0ms
9 timing config:load:file:/home/ubuntu/my-https-server/.npmrc Completed in 0ms
10 timing config:load:project Completed in 0ms
11 timing config:load:file:/home/ubuntu/.npmrc Completed in 1ms
12 timing config:load:user Completed in 1ms
13 timing config:load:file:/etc/npmrc Completed in 0ms
14 timing config:load:global Completed in 0ms
15 timing config:load:validate Completed in 0ms
16 timing config:load:credentials Completed in 0ms
17 timing config:load:setEnvs Completed in 1ms
18 timing config:load Completed in 12ms
19 timing npm:load:configload Completed in 13ms
20 timing npm:load:setTitle Completed in 0ms
21 timing config:load:flatten Completed in 1ms
22 timing npm:load:display Completed in 2ms
23 verbose logfile /home/ubuntu/.npm/_logs/2024-01-16T11_19_06_468Z-debug-0.log
24 timing npm:load:logFile Completed in 2ms
25 timing npm:load:timers Completed in 0ms
26 timing npm:load:configScope Completed in 0ms
27 timing npm:load Completed in 17ms
28 http fetch GET 404 https://registry.npmjs.org/create-package.json 865ms (cache skip)
29 http fetch GET 404 https://registry.npmjs.org/create-package.json 247ms (cache skip)
30 timing command:init Completed in 1119ms
31 verbose stack HttpErrorGeneral: 404 Not Found - GET https://registry.npmjs.org/create-package.json - Not found
31 verbose stack     at /usr/share/nodejs/npm/node_modules/npm-registry-fetch/lib/check-response.js:103:15
31 verbose stack     at processTicksAndRejections (internal/process/task_queues.js:97:5)
31 verbose stack     at async /usr/share/nodejs/npm/node_modules/libnpmexec/lib/index.js:108:12
31 verbose stack     at async Promise.all (index 0)
31 verbose stack     at async exec (/usr/share/nodejs/npm/node_modules/libnpmexec/lib/index.js:96:17)
31 verbose stack     at async Init.execCreate (/usr/share/nodejs/npm/lib/commands/init.js:111:5)
31 verbose stack     at async Init.exec (/usr/share/nodejs/npm/lib/commands/init.js:28:15)
31 verbose stack     at async module.exports (/usr/share/nodejs/npm/lib/cli.js:66:5)
32 verbose statusCode 404
33 verbose pkgid create-package.json@latest
34 verbose cwd /home/ubuntu/my-https-server/myproject
35 verbose Linux 5.15.0-91-generic
36 verbose argv "/usr/bin/node" "/usr/bin/npm" "init" "package.json"
37 verbose node v12.22.9
38 verbose npm  v8.5.1
39 error code E404
40 error 404 Not Found - GET https://registry.npmjs.org/create-package.json - Not found
41 error 404
42 error 404  'create-package.json@latest' is not in this registry.
43 error 404 You should bug the author to publish it (or use the name yourself!)
44 error 404
44 error 404 Note that you can also install from a
45 error 404 tarball, folder, http url, or git url.
46 verbose exit 1
47 timing npm Completed in 1290ms
48 verbose code 1
49 error A complete log of this run can be found in:
49 error     /home/ubuntu/.npm/_logs/2024-01-16T11_19_06_468Z-debug-0.log
