0 verbose cli [ '/usr/bin/node', '/usr/bin/npm', 'install' ]
1 info using npm@8.5.1
2 info using node@v12.22.9
3 timing npm:load:whichnode Completed in 0ms
4 timing config:load:defaults Completed in 1ms
5 timing config:load:file:/usr/share/nodejs/npm/npmrc Completed in 5ms
6 timing config:load:builtin Completed in 6ms
7 timing config:load:cli Completed in 3ms
8 timing config:load:env Completed in 0ms
9 timing config:load:file:/home/ubuntu/my-https-server/.npmrc Completed in 1ms
10 timing config:load:project Completed in 1ms
11 timing config:load:file:/home/ubuntu/.npmrc Completed in 0ms
12 timing config:load:user Completed in 0ms
13 timing config:load:file:/etc/npmrc Completed in 0ms
14 timing config:load:global Completed in 0ms
15 timing config:load:validate Completed in 0ms
16 timing config:load:credentials Completed in 0ms
17 timing config:load:setEnvs Completed in 1ms
18 timing config:load Completed in 12ms
19 timing npm:load:configload Completed in 12ms
20 timing npm:load:setTitle Completed in 0ms
21 timing config:load:flatten Completed in 1ms
22 timing npm:load:display Completed in 2ms
23 verbose logfile /home/ubuntu/.npm/_logs/2024-01-15T12_07_12_664Z-debug-0.log
24 timing npm:load:logFile Completed in 2ms
25 timing npm:load:timers Completed in 0ms
26 timing npm:load:configScope Completed in 0ms
27 timing npm:load Completed in 17ms
28 timing arborist:ctor Completed in 1ms
29 timing idealTree:init Completed in 64ms
30 timing idealTree:userRequests Completed in 0ms
31 silly idealTree buildDeps
32 timing idealTree:#root Completed in 0ms
33 timing idealTree:buildDeps Completed in 1ms
34 timing idealTree:fixDepFlags Completed in 0ms
35 timing idealTree Completed in 67ms
36 timing arborist:ctor Completed in 0ms
37 timing reify:loadTrees Completed in 107ms
38 timing reify:diffTrees Completed in 2ms
39 silly reify moves {}
40 timing reify:retireShallow Completed in 0ms
41 timing reify:createSparse Completed in 0ms
42 timing reify:loadBundles Completed in 0ms
43 silly audit bulk request {
43 silly audit   accepts: [ '1.3.8' ],
43 silly audit   'array-flatten': [ '1.1.1' ],
43 silly audit   'body-parser': [ '1.20.1' ],
43 silly audit   bytes: [ '3.1.2' ],
43 silly audit   'call-bind': [ '1.0.5' ],
43 silly audit   'content-disposition': [ '0.5.4' ],
43 silly audit   'content-type': [ '1.0.5' ],
43 silly audit   cookie: [ '0.5.0' ],
43 silly audit   'cookie-signature': [ '1.0.6' ],
43 silly audit   debug: [ '2.6.9' ],
43 silly audit   'define-data-property': [ '1.1.1' ],
43 silly audit   depd: [ '2.0.0' ],
43 silly audit   destroy: [ '1.2.0' ],
43 silly audit   'ee-first': [ '1.1.1' ],
43 silly audit   encodeurl: [ '1.0.2' ],
43 silly audit   'escape-html': [ '1.0.3' ],
43 silly audit   etag: [ '1.8.1' ],
43 silly audit   express: [ '4.18.2' ],
43 silly audit   finalhandler: [ '1.2.0' ],
43 silly audit   forwarded: [ '0.2.0' ],
43 silly audit   fresh: [ '0.5.2' ],
43 silly audit   fs: [ '0.0.1-security' ],
43 silly audit   'function-bind': [ '1.1.2' ],
43 silly audit   'get-intrinsic': [ '1.2.2' ],
43 silly audit   gopd: [ '1.0.1' ],
43 silly audit   'has-property-descriptors': [ '1.0.1' ],
43 silly audit   'has-proto': [ '1.0.1' ],
43 silly audit   'has-symbols': [ '1.0.3' ],
43 silly audit   hasown: [ '2.0.0' ],
43 silly audit   'http-errors': [ '2.0.0' ],
43 silly audit   https: [ '1.0.0' ],
43 silly audit   'iconv-lite': [ '0.4.24' ],
43 silly audit   inherits: [ '2.0.4' ],
43 silly audit   'ipaddr.js': [ '1.9.1' ],
43 silly audit   'media-typer': [ '0.3.0' ],
43 silly audit   'merge-descriptors': [ '1.0.1' ],
43 silly audit   methods: [ '1.1.2' ],
43 silly audit   mime: [ '1.6.0' ],
43 silly audit   'mime-db': [ '1.52.0' ],
43 silly audit   'mime-types': [ '2.1.35' ],
43 silly audit   ms: [ '2.0.0', '2.1.3' ],
43 silly audit   negotiator: [ '0.6.3' ],
43 silly audit   'object-inspect': [ '1.13.1' ],
43 silly audit   'on-finished': [ '2.4.1' ],
43 silly audit   parseurl: [ '1.3.3' ],
43 silly audit   'path-to-regexp': [ '0.1.7' ],
43 silly audit   'proxy-addr': [ '2.0.7' ],
43 silly audit   qs: [ '6.11.0' ],
43 silly audit   'range-parser': [ '1.2.1' ],
43 silly audit   'raw-body': [ '2.5.1' ],
43 silly audit   'safe-buffer': [ '5.2.1' ],
43 silly audit   'safer-buffer': [ '2.1.2' ],
43 silly audit   send: [ '0.18.0' ],
43 silly audit   'serve-static': [ '1.15.0' ],
43 silly audit   'set-function-length': [ '1.2.0' ],
43 silly audit   setprototypeof: [ '1.2.0' ],
43 silly audit   'side-channel': [ '1.0.4' ],
43 silly audit   statuses: [ '2.0.1' ],
43 silly audit   toidentifier: [ '1.0.1' ],
43 silly audit   'type-is': [ '1.6.18' ],
43 silly audit   unpipe: [ '1.0.0' ],
43 silly audit   'utils-merge': [ '1.0.1' ],
43 silly audit   vary: [ '1.1.2' ]
43 silly audit }
44 timing reify:unpack Completed in 1ms
45 timing reify:unretire Completed in 0ms
46 timing build:queue Completed in 0ms
47 timing build:deps Completed in 0ms
48 timing build Completed in 0ms
49 timing reify:build Completed in 0ms
50 timing reify:trash Completed in 0ms
51 timing reify:save Completed in 10ms
52 http fetch POST 200 https://registry.npmjs.org/-/npm/v1/security/advisories/bulk 297ms
53 timing auditReport:getReport Completed in 298ms
54 silly audit report {}
55 timing auditReport:init Completed in 0ms
56 timing reify:audit Completed in 298ms
57 timing reify Completed in 419ms
58 timing command:install Completed in 424ms
59 verbose exit 0
60 timing npm Completed in 564ms
61 info ok
